# JRE version: OpenJDK Runtime Environment Temurin-21.0.10+7 (21.0.10+7) (build 21.0.10+7-LTS)
# Java VM: OpenJDK 64-Bit Server VM Temurin-21.0.10+7 (21.0.10+7-LTS, mixed mode, sharing, tiered, compressed oops, compressed class ptrs, parallel gc, windows-amd64)
GC Precious Log:
 CardTable entry size: 512
 CPUs: 8 total, 8 available
 Memory: 8029M
 Large Page Support: Disabled
 NUMA Support: Disabled
 Compressed Oops: Enabled (32-bit)
 Alignments: Space 512K, Generation 512K, Heap 2M
 Heap Min Capacity: 100M
 Heap Initial Capacity: 100M
 Heap Max Capacity: 2G
 Pre-touch: Disabled
 Parallel Workers: 8
Heap:
 PSYoungGen      total 4096K, used 1996K [0x00000000d5580000, 0x00000000d5a80000, 0x0000000100000000)
  eden space 3072K, 35% used [0x00000000d5580000,0x00000000d56932a8,0x00000000d5880000)
  from space 1024K, 87% used [0x00000000d5980000,0x00000000d5a60000,0x00000000d5a80000)
  to   space 1024K, 0% used [0x00000000d5880000,0x00000000d5880000,0x00000000d5980000)
 ParOldGen       total 819200K, used 819037K [0x0000000080000000, 0x00000000b2000000, 0x00000000d5580000)
  object space 819200K, 99% used [0x0000000080000000,0x00000000b1fd7798,0x00000000b2000000)
 Metaspace       used 101000K, committed 102912K, reserved 1179648K
  class space    used 10601K, committed 11456K, reserved 1048576K
GC Heap History (20 events):
Event: 6593.672 GC heap before
{Heap before GC invocations=1488 (full 5):
 PSYoungGen      total 4096K, used 4068K [0x00000000d5580000, 0x00000000d5d80000, 0x0000000100000000)
  eden space 3584K, 100% used [0x00000000d5580000,0x00000000d5900000,0x00000000d5900000)
  from space 512K, 94% used [0x00000000d5b00000,0x00000000d5b79210,0x00000000d5b80000)
  to   space 2048K, 0% used [0x00000000d5900000,0x00000000d5900000,0x00000000d5b00000)
 ParOldGen       total 815104K, used 814913K [0x0000000080000000, 0x00000000b1c00000, 0x00000000d5580000)
  object space 815104K, 99% used [0x0000000080000000,0x00000000b1bd06e0,0x00000000b1c00000)
 Metaspace       used 100992K, committed 102848K, reserved 1179648K
  class space    used 10601K, committed 11456K, reserved 1048576K
}
Event: 6593.674 GC heap after
{Heap after GC invocations=1488 (full 5):
 PSYoungGen      total 4608K, used 704K [0x00000000d5580000, 0x00000000d5b80000, 0x0000000100000000)
  eden space 3584K, 0% used [0x00000000d5580000,0x00000000d5580000,0x00000000d5900000)
  from space 1024K, 68% used [0x00000000d5900000,0x00000000d59b0000,0x00000000d5a00000)
  to   space 1024K, 0% used [0x00000000d5a80000,0x00000000d5a80000,0x00000000d5b80000)
 ParOldGen       total 815616K, used 815384K [0x0000000080000000, 0x00000000b1c80000, 0x00000000d5580000)
  object space 815616K, 99% used [0x0000000080000000,0x00000000b1c46098,0x00000000b1c80000)
 Metaspace       used 100992K, committed 102848K, reserved 1179648K
  class space    used 10601K, committed 11456K, reserved 1048576K
}
Event: 6594.004 GC heap before
{Heap before GC invocations=1489 (full 5):
 PSYoungGen      total 4608K, used 4288K [0x00000000d5580000, 0x00000000d5b80000, 0x0000000100000000)
  eden space 3584K, 100% used [0x00000000d5580000,0x00000000d5900000,0x00000000d5900000)
  from space 1024K, 68% used [0x00000000d5900000,0x00000000d59b0000,0x00000000d5a00000)
  to   space 1024K, 0% used [0x00000000d5a80000,0x00000000d5a80000,0x00000000d5b80000)
 ParOldGen       total 815616K, used 815384K [0x0000000080000000, 0x00000000b1c80000, 0x00000000d5580000)
  object space 815616K, 99% used [0x0000000080000000,0x00000000b1c46098,0x00000000b1c80000)
 Metaspace       used 100993K, committed 102848K, reserved 1179648K
  class space    used 10601K, committed 11456K, reserved 1048576K
}
Event: 6594.006 GC heap after
{Heap after GC invocations=1489 (full 5):
 PSYoungGen      total 4096K, used 308K [0x00000000d5580000, 0x00000000d5b00000, 0x0000000100000000)
  eden space 3584K, 0% used [0x00000000d5580000,0x00000000d5580000,0x00000000d5900000)
  from space 512K, 60% used [0x00000000d5a80000,0x00000000d5acd200,0x00000000d5b00000)
  to   space 512K, 0% used [0x00000000d5a00000,0x00000000d5a00000,0x00000000d5a80000)
 ParOldGen       total 816128K, used 815986K [0x0000000080000000, 0x00000000b1d00000, 0x00000000d5580000)
  object space 816128K, 99% used [0x0000000080000000,0x00000000b1cdc828,0x00000000b1d00000)
 Metaspace       used 100993K, committed 102848K, reserved 1179648K
  class space    used 10601K, committed 11456K, reserved 1048576K
}
Event: 6594.013 GC heap before
{Heap before GC invocations=1490 (full 5):
 PSYoungGen      total 4096K, used 3892K [0x00000000d5580000, 0x00000000d5b00000, 0x0000000100000000)
  eden space 3584K, 100% used [0x00000000d5580000,0x00000000d5900000,0x00000000d5900000)
  from space 512K, 60% used [0x00000000d5a80000,0x00000000d5acd200,0x00000000d5b00000)
  to   space 512K, 0% used [0x00000000d5a00000,0x00000000d5a00000,0x00000000d5a80000)
 ParOldGen       total 816128K, used 815986K [0x0000000080000000, 0x00000000b1d00000, 0x00000000d5580000)
  object space 816128K, 99% used [0x0000000080000000,0x00000000b1cdc828,0x00000000b1d00000)
 Metaspace       used 100993K, committed 102848K, reserved 1179648K
  class space    used 10601K, committed 11456K, reserved 1048576K
}
Event: 6594.015 GC heap after
{Heap after GC invocations=1490 (full 5):
 PSYoungGen      total 4096K, used 512K [0x00000000d5580000, 0x00000000d5c00000, 0x0000000100000000)
  eden space 3584K, 0% used [0x00000000d5580000,0x00000000d5580000,0x00000000d5900000)
  from space 512K, 100% used [0x00000000d5a00000,0x00000000d5a80000,0x00000000d5a80000)
  to   space 1536K, 0% used [0x00000000d5a80000,0x00000000d5a80000,0x00000000d5c00000)
 ParOldGen       total 816640K, used 816498K [0x0000000080000000, 0x00000000b1d80000, 0x00000000d5580000)
  object space 816640K, 99% used [0x0000000080000000,0x00000000b1d5c988,0x00000000b1d80000)
 Metaspace       used 100993K, committed 102848K, reserved 1179648K
  class space    used 10601K, committed 11456K, reserved 1048576K
}
Event: 6594.023 GC heap before
{Heap before GC invocations=1491 (full 5):
 PSYoungGen      total 4096K, used 4096K [0x00000000d5580000, 0x00000000d5c00000, 0x0000000100000000)
  eden space 3584K, 100% used [0x00000000d5580000,0x00000000d5900000,0x00000000d5900000)
  from space 512K, 100% used [0x00000000d5a00000,0x00000000d5a80000,0x00000000d5a80000)
  to   space 1536K, 0% used [0x00000000d5a80000,0x00000000d5a80000,0x00000000d5c00000)
 ParOldGen       total 816640K, used 816498K [0x0000000080000000, 0x00000000b1d80000, 0x00000000d5580000)
  object space 816640K, 99% used [0x0000000080000000,0x00000000b1d5c988,0x00000000b1d80000)
 Metaspace       used 100997K, committed 102912K, reserved 1179648K
  class space    used 10601K, committed 11456K, reserved 1048576K
}
Event: 6594.024 GC heap after
{Heap after GC invocations=1491 (full 5):
 PSYoungGen      total 4608K, used 986K [0x00000000d5580000, 0x00000000d5b80000, 0x0000000100000000)
  eden space 3584K, 0% used [0x00000000d5580000,0x00000000d5580000,0x00000000d5900000)
  from space 1024K, 96% used [0x00000000d5a80000,0x00000000d5b76900,0x00000000d5b80000)
  to   space 1024K, 0% used [0x00000000d5980000,0x00000000d5980000,0x00000000d5a80000)
 ParOldGen       total 817152K, used 817034K [0x0000000080000000, 0x00000000b1e00000, 0x00000000d5580000)
  object space 817152K, 99% used [0x0000000080000000,0x00000000b1de2988,0x00000000b1e00000)
 Metaspace       used 100997K, committed 102912K, reserved 1179648K
  class space    used 10601K, committed 11456K, reserved 1048576K
}
Event: 6594.122 GC heap before
{Heap before GC invocations=1492 (full 5):
 PSYoungGen      total 4608K, used 4570K [0x00000000d5580000, 0x00000000d5b80000, 0x0000000100000000)
  eden space 3584K, 100% used [0x00000000d5580000,0x00000000d5900000,0x00000000d5900000)
  from space 1024K, 96% used [0x00000000d5a80000,0x00000000d5b76900,0x00000000d5b80000)
  to   space 1024K, 0% used [0x00000000d5980000,0x00000000d5980000,0x00000000d5a80000)
 ParOldGen       total 817152K, used 817034K [0x0000000080000000, 0x00000000b1e00000, 0x00000000d5580000)
  object space 817152K, 99% used [0x0000000080000000,0x00000000b1de2988,0x00000000b1e00000)
 Metaspace       used 100997K, committed 102912K, reserved 1179648K
  class space    used 10601K, committed 11456K, reserved 1048576K
}
Event: 6594.123 GC heap after
{Heap after GC invocations=1492 (full 5):
 PSYoungGen      total 4096K, used 282K [0x00000000d5580000, 0x00000000d5b00000, 0x0000000100000000)
  eden space 3584K, 0% used [0x00000000d5580000,0x00000000d5580000,0x00000000d5900000)
  from space 512K, 55% used [0x00000000d5980000,0x00000000d59c6900,0x00000000d5a00000)
  to   space 1024K, 0% used [0x00000000d5a00000,0x00000000d5a00000,0x00000000d5b00000)
 ParOldGen       total 817664K, used 817232K [0x0000000080000000, 0x00000000b1e80000, 0x00000000d5580000)
  object space 817664K, 99% used [0x0000000080000000,0x00000000b1e14108,0x00000000b1e80000)
 Metaspace       used 100997K, committed 102912K, reserved 1179648K
  class space    used 10601K, committed 11456K, reserved 1048576K
}
Event: 6594.130 GC heap before
{Heap before GC invocations=1493 (full 5):
 PSYoungGen      total 4096K, used 3866K [0x00000000d5580000, 0x00000000d5b00000, 0x0000000100000000)
  eden space 3584K, 100% used [0x00000000d5580000,0x00000000d5900000,0x00000000d5900000)
  from space 512K, 55% used [0x00000000d5980000,0x00000000d59c6900,0x00000000d5a00000)
  to   space 1024K, 0% used [0x00000000d5a00000,0x00000000d5a00000,0x00000000d5b00000)
 ParOldGen       total 817664K, used 817232K [0x0000000080000000, 0x00000000b1e80000, 0x00000000d5580000)
  object space 817664K, 99% used [0x0000000080000000,0x00000000b1e14108,0x00000000b1e80000)
 Metaspace       used 100997K, committed 102912K, reserved 1179648K
  class space    used 10601K, committed 11456K, reserved 1048576K
}
Event: 6594.132 GC heap after
{Heap after GC invocations=1493 (full 5):
 PSYoungGen      total 4096K, used 1024K [0x00000000d5580000, 0x00000000d5c00000, 0x0000000100000000)
  eden space 3072K, 0% used [0x00000000d5580000,0x00000000d5580000,0x00000000d5880000)
  from space 1024K, 100% used [0x00000000d5a00000,0x00000000d5b00000,0x00000000d5b00000)
  to   space 1536K, 0% used [0x00000000d5880000,0x00000000d5880000,0x00000000d5a00000)
 ParOldGen       total 817664K, used 817391K [0x0000000080000000, 0x00000000b1e80000, 0x00000000d5580000)
  object space 817664K, 99% used [0x0000000080000000,0x00000000b1e3bde8,0x00000000b1e80000)
 Metaspace       used 100997K, committed 102912K, reserved 1179648K
  class space    used 10601K, committed 11456K, reserved 1048576K
}
Event: 6594.352 GC heap before
{Heap before GC invocations=1494 (full 5):
 PSYoungGen      total 4096K, used 4095K [0x00000000d5580000, 0x00000000d5c00000, 0x0000000100000000)
  eden space 3072K, 99% used [0x00000000d5580000,0x00000000d587fff8,0x00000000d5880000)
  from space 1024K, 100% used [0x00000000d5a00000,0x00000000d5b00000,0x00000000d5b00000)
  to   space 1536K, 0% used [0x00000000d5880000,0x00000000d5880000,0x00000000d5a00000)
 ParOldGen       total 817664K, used 817391K [0x0000000080000000, 0x00000000b1e80000, 0x00000000d5580000)
  object space 817664K, 99% used [0x0000000080000000,0x00000000b1e3bde8,0x00000000b1e80000)
 Metaspace       used 100997K, committed 102912K, reserved 1179648K
  class space    used 10601K, committed 11456K, reserved 1048576K
}
Event: 6594.353 GC heap after
{Heap after GC invocations=1494 (full 5):
 PSYoungGen      total 3584K, used 448K [0x00000000d5580000, 0x00000000d5a80000, 0x0000000100000000)
  eden space 3072K, 0% used [0x00000000d5580000,0x00000000d5580000,0x00000000d5880000)
  from space 512K, 87% used [0x00000000d5880000,0x00000000d58f0000,0x00000000d5900000)
  to   space 1024K, 0% used [0x00000000d5980000,0x00000000d5980000,0x00000000d5a80000)
 ParOldGen       total 818688K, used 818319K [0x0000000080000000, 0x00000000b1f80000, 0x00000000d5580000)
  object space 818688K, 99% used [0x0000000080000000,0x00000000b1f23e18,0x00000000b1f80000)
 Metaspace       used 100997K, committed 102912K, reserved 1179648K
  class space    used 10601K, committed 11456K, reserved 1048576K
}
Event: 6594.526 GC heap before
{Heap before GC invocations=1495 (full 5):
 PSYoungGen      total 3584K, used 3520K [0x00000000d5580000, 0x00000000d5a80000, 0x0000000100000000)
  eden space 3072K, 100% used [0x00000000d5580000,0x00000000d5880000,0x00000000d5880000)
  from space 512K, 87% used [0x00000000d5880000,0x00000000d58f0000,0x00000000d5900000)
  to   space 1024K, 0% used [0x00000000d5980000,0x00000000d5980000,0x00000000d5a80000)
 ParOldGen       total 818688K, used 818319K [0x0000000080000000, 0x00000000b1f80000, 0x00000000d5580000)
  object space 818688K, 99% used [0x0000000080000000,0x00000000b1f23e18,0x00000000b1f80000)
 Metaspace       used 100997K, committed 102912K, reserved 1179648K
  class space    used 10601K, committed 11456K, reserved 1048576K
}
Event: 6594.528 GC heap after
{Heap after GC invocations=1495 (full 5):
 PSYoungGen      total 4096K, used 644K [0x00000000d5580000, 0x00000000d5a80000, 0x0000000100000000)
  eden space 3072K, 0% used [0x00000000d5580000,0x00000000d5580000,0x00000000d5880000)
  from space 1024K, 62% used [0x00000000d5980000,0x00000000d5a21210,0x00000000d5a80000)
  to   space 1024K, 0% used [0x00000000d5880000,0x00000000d5880000,0x00000000d5980000)
 ParOldGen       total 818688K, used 818624K [0x0000000080000000, 0x00000000b1f80000, 0x00000000d5580000)
  object space 818688K, 99% used [0x0000000080000000,0x00000000b1f70118,0x00000000b1f80000)
 Metaspace       used 100997K, committed 102912K, reserved 1179648K
  class space    used 10601K, committed 11456K, reserved 1048576K
}
Event: 6594.534 GC heap before
{Heap before GC invocations=1496 (full 5):
 PSYoungGen      total 4096K, used 3716K [0x00000000d5580000, 0x00000000d5a80000, 0x0000000100000000)
  eden space 3072K, 100% used [0x00000000d5580000,0x00000000d5880000,0x00000000d5880000)
  from space 1024K, 62% used [0x00000000d5980000,0x00000000d5a21210,0x00000000d5a80000)
  to   space 1024K, 0% used [0x00000000d5880000,0x00000000d5880000,0x00000000d5980000)
 ParOldGen       total 818688K, used 818624K [0x0000000080000000, 0x00000000b1f80000, 0x00000000d5580000)
  object space 818688K, 99% used [0x0000000080000000,0x00000000b1f70118,0x00000000b1f80000)
 Metaspace       used 100997K, committed 102912K, reserved 1179648K
  class space    used 10601K, committed 11456K, reserved 1048576K
}
Event: 6594.535 GC heap after
{Heap after GC invocations=1496 (full 5):
 PSYoungGen      total 4096K, used 506K [0x00000000d5580000, 0x00000000d5a80000, 0x0000000100000000)
  eden space 3072K, 0% used [0x00000000d5580000,0x00000000d5580000,0x00000000d5880000)
  from space 1024K, 49% used [0x00000000d5880000,0x00000000d58fe900,0x00000000d5980000)
  to   space 1024K, 0% used [0x00000000d5980000,0x00000000d5980000,0x00000000d5a80000)
 ParOldGen       total 818688K, used 818672K [0x0000000080000000, 0x00000000b1f80000, 0x00000000d5580000)
  object space 818688K, 99% used [0x0000000080000000,0x00000000b1f7c118,0x00000000b1f80000)
 Metaspace       used 100997K, committed 102912K, reserved 1179648K
  class space    used 10601K, committed 11456K, reserved 1048576K
}
Event: 6594.543 GC heap before
{Heap before GC invocations=1497 (full 5):
 PSYoungGen      total 4096K, used 3578K [0x00000000d5580000, 0x00000000d5a80000, 0x0000000100000000)
  eden space 3072K, 100% used [0x00000000d5580000,0x00000000d5880000,0x00000000d5880000)
  from space 1024K, 49% used [0x00000000d5880000,0x00000000d58fe900,0x00000000d5980000)
  to   space 1024K, 0% used [0x00000000d5980000,0x00000000d5980000,0x00000000d5a80000)
 ParOldGen       total 818688K, used 818672K [0x0000000080000000, 0x00000000b1f80000, 0x00000000d5580000)
  object space 818688K, 99% used [0x0000000080000000,0x00000000b1f7c118,0x00000000b1f80000)
 Metaspace       used 101000K, committed 102912K, reserved 1179648K
  class space    used 10601K, committed 11456K, reserved 1048576K
}
Event: 6594.545 GC heap after
{Heap after GC invocations=1497 (full 5):
 PSYoungGen      total 4096K, used 896K [0x00000000d5580000, 0x00000000d5a80000, 0x0000000100000000)
  eden space 3072K, 0% used [0x00000000d5580000,0x00000000d5580000,0x00000000d5880000)
  from space 1024K, 87% used [0x00000000d5980000,0x00000000d5a60000,0x00000000d5a80000)
  to   space 1024K, 0% used [0x00000000d5880000,0x00000000d5880000,0x00000000d5980000)
 ParOldGen       total 819200K, used 819037K [0x0000000080000000, 0x00000000b2000000, 0x00000000d5580000)
  object space 819200K, 99% used [0x0000000080000000,0x00000000b1fd7798,0x00000000b2000000)
 Metaspace       used 101000K, committed 102912K, reserved 1179648K
  class space    used 10601K, committed 11456K, reserved 1048576K
}

